<?xml version="1.0" encoding="UTF-8"?>
<testsuite name="SILab2Test" tests="2" skipped="0" failures="0" errors="0" timestamp="2025-05-25T22:34:43" hostname="Angelas-Air.home" time="0.014">
  <properties/>
  <testcase name="testEveryStatement" classname="SILab2Test" time="0.012"/>
  <testcase name="testMultipleCondition" classname="SILab2Test" time="0.001"/>
  <system-out><![CDATA[]]></system-out>
  <system-err><![CDATA[]]></system-err>
</testsuite>
